C:\HOOKEX\WINDOWS_KEYHOOK_GRADU\WINDOWS_KEYHOOK_GRADU\DEBUG\KEY_HOOK_CHAR.OBJ
C:\HOOKEX\WINDOWS_KEYHOOK_GRADU\WINDOWS_KEYHOOK_GRADU\DEBUG\VC110.PDB
C:\HOOKEX\WINDOWS_KEYHOOK_GRADU\DEBUG\WINDOWS_KEYHOOK_GRADU.ILK
C:\HOOKEX\WINDOWS_KEYHOOK_GRADU\DEBUG\WINDOWS_KEYHOOK_GRADU.EXE
C:\HOOKEX\WINDOWS_KEYHOOK_GRADU\DEBUG\WINDOWS_KEYHOOK_GRADU.PDB
C:\HookEx\Windows_keyhook_gradu\Windows_keyhook_gradu\Debug\key_hook_char.obj
C:\HookEx\Windows_keyhook_gradu\Windows_keyhook_gradu\Debug\cl.command.1.tlog
C:\HookEx\Windows_keyhook_gradu\Windows_keyhook_gradu\Debug\CL.read.1.tlog
C:\HookEx\Windows_keyhook_gradu\Windows_keyhook_gradu\Debug\CL.write.1.tlog
C:\HookEx\Windows_keyhook_gradu\Windows_keyhook_gradu\Debug\link-cvtres.read.1.tlog
C:\HookEx\Windows_keyhook_gradu\Windows_keyhook_gradu\Debug\link-cvtres.write.1.tlog
C:\HookEx\Windows_keyhook_gradu\Windows_keyhook_gradu\Debug\link-rc.read.1.tlog
C:\HookEx\Windows_keyhook_gradu\Windows_keyhook_gradu\Debug\link-rc.write.1.tlog
C:\HookEx\Windows_keyhook_gradu\Windows_keyhook_gradu\Debug\link.command.1.tlog
C:\HookEx\Windows_keyhook_gradu\Windows_keyhook_gradu\Debug\link.read.1.tlog
C:\HookEx\Windows_keyhook_gradu\Windows_keyhook_gradu\Debug\link.write.1.tlog
C:\HookEx\Windows_keyhook_gradu\Windows_keyhook_gradu\Debug\vc110.idb
C:\HookEx\Windows_keyhook_gradu\Windows_keyhook_gradu\Debug\vc110.pdb
C:\HookEx\Windows_keyhook_gradu\Debug\Windows_keyhook_gradu.pdb
C:\HookEx\Windows_keyhook_gradu\Debug\Windows_keyhook_gradu.exe
C:\HookEx\Windows_keyhook_gradu\Debug\Windows_keyhook_gradu.ilk
