C:\HOOKEX\FINAL_KEYBOARD_HOOK\FINAL_KEYBOARD_HOOK\DEBUG\KEYHOOK.OBJ
C:\HOOKEX\FINAL_KEYBOARD_HOOK\FINAL_KEYBOARD_HOOK\DEBUG\VC110.PDB
C:\HOOKEX\FINAL_KEYBOARD_HOOK\DEBUG\FINAL_KEYBOARD_HOOK.ILK
C:\HOOKEX\FINAL_KEYBOARD_HOOK\DEBUG\FINAL_KEYBOARD_HOOK.EXE
C:\HOOKEX\FINAL_KEYBOARD_HOOK\DEBUG\FINAL_KEYBOARD_HOOK.PDB
C:\HookEx\final_keyboard_hook\final_keyboard_hook\Debug\keyhook.obj
C:\HookEx\final_keyboard_hook\final_keyboard_hook\Debug\cl.command.1.tlog
C:\HookEx\final_keyboard_hook\final_keyboard_hook\Debug\CL.read.1.tlog
C:\HookEx\final_keyboard_hook\final_keyboard_hook\Debug\CL.write.1.tlog
C:\HookEx\final_keyboard_hook\final_keyboard_hook\Debug\link-cvtres.read.1.tlog
C:\HookEx\final_keyboard_hook\final_keyboard_hook\Debug\link-cvtres.write.1.tlog
C:\HookEx\final_keyboard_hook\final_keyboard_hook\Debug\link-rc.read.1.tlog
C:\HookEx\final_keyboard_hook\final_keyboard_hook\Debug\link-rc.write.1.tlog
C:\HookEx\final_keyboard_hook\final_keyboard_hook\Debug\link.command.1.tlog
C:\HookEx\final_keyboard_hook\final_keyboard_hook\Debug\link.read.1.tlog
C:\HookEx\final_keyboard_hook\final_keyboard_hook\Debug\link.write.1.tlog
C:\HookEx\final_keyboard_hook\final_keyboard_hook\Debug\vc110.idb
C:\HookEx\final_keyboard_hook\final_keyboard_hook\Debug\vc110.pdb
C:\HookEx\final_keyboard_hook\Debug\final_keyboard_hook.pdb
C:\HookEx\final_keyboard_hook\Debug\final_keyboard_hook.exe
C:\HookEx\final_keyboard_hook\Debug\final_keyboard_hook.ilk
